#
# A fatal error has been detected by the Java Runtime Environment:
#
#  SIGSEGV (0xb) at pc=0x00000001279afae6, pid=43674, tid=4867
#
# JRE version: Java(TM) SE Runtime Environment (8.0_20-b26) (build 1.8.0_20-b26)
# Java VM: Java HotSpot(TM) 64-Bit Server VM (25.20-b23 mixed mode bsd-amd64 compressed oops)
# Problematic frame:
# C  [libopencv_java300.dylib+0x6b9ae6]  _ZN2cv21CascadeClassifierImpl5read_ERKNS_8FileNodeE+0x236
#
# Failed to write core dump. Core dumps have been disabled. To enable core dumping, try "ulimit -c unlimited" before starting Java again
#
# If you would like to submit a bug report, please visit:
#   http://bugreport.sun.com/bugreport/crash.jsp
# The crash happened outside the Java Virtual Machine in native code.
# See problematic frame for where to report the bug.
#

---------------  T H R E A D  ---------------

Current thread (0x00007fb08b002000):  JavaThread "main" [_thread_in_native, id=4867, stack(0x000000010da9b000,0x000000010db9b000)]

siginfo: si_signo: 11 (SIGSEGV), si_code: 1 (SEGV_MAPERR), si_addr: 0x0000000000000000

Registers:
RAX=0x000000010db9a440, RBX=0x00007fb089c23150, RCX=0x0000000000000008, RDX=0x0000000000000008
RSP=0x000000010db9a430, RBP=0x000000010db9a490, RSI=0x0000000128a89051, RDI=0x0000000000000000
R8 =0x0000000000000073, R9 =0x00007fb089d00000, R10=0x0000000000000020, R11=0x00007fb089d00000
R12=0x000000010db9a460, R13=0x00007fb089c22778, R14=0x000000010db9a4a0, R15=0x00007fb089c23420
RIP=0x00000001279afae6, EFLAGS=0x0000000000010206, ERR=0x0000000000000004
  TRAPNO=0x000000000000000e

Top of Stack: (sp=0x000000010db9a430)
0x000000010db9a430:   0000000000000000 0000000000000020
0x000000010db9a440:   00007fb089c23450 000000012c4f24d8
0x000000010db9a450:   0000000000000000 0000000000000000
0x000000010db9a460:   0000000000000000 0000000000000000
0x000000010db9a470:   00007fb089c23450 000000012c66de08
0x000000010db9a480:   000000010db9a710 00007fb089c23150
0x000000010db9a490:   000000010db9a6a0 00000001279af670
0x000000010db9a4a0:   00007fb089c23450 000000012c66e328
0x000000010db9a4b0:   0000000000000000 0000000000000000
0x000000010db9a4c0:   00007ac3d5a7dc40 0000000128bd9bd0
0x000000010db9a4d0:   00007fb089d57350 00007fb089c23450
0x000000010db9a4e0:   0000000000000000 0000000000000000
0x000000010db9a4f0:   0000000000000000 0000000000000000
0x000000010db9a500:   0000000000000000 00007fff00000006
0x000000010db9a510:   0000000000000000 0000000000000000
0x000000010db9a520:   0000000000000000 0000000000000000
0x000000010db9a530:   0000000000000000 0000000000000000
0x000000010db9a540:   0000000000000000 0000000000000000
0x000000010db9a550:   0000000000000000 0000000000000000
0x000000010db9a560:   0000000000000000 0000000000000000
0x000000010db9a570:   0000000000000000 0000000000000000
0x000000010db9a580:   0000000000000000 0000000000000000
0x000000010db9a590:   0000000000000000 0000000000000000
0x000000010db9a5a0:   0000000000000000 0000000000000000
0x000000010db9a5b0:   0000000000000000 0000000000000000
0x000000010db9a5c0:   00007fb089c23450 000000012c66de08
0x000000010db9a5d0:   0000000000000040 000000012c66e210
0x000000010db9a5e0:   000000012c66e308 000000012c66e358
0x000000010db9a5f0:   000000012c66e328 000000012c66e4a8
0x000000010db9a600:   ce00ea0500000000 000000012c66e478
0x000000010db9a610:   0000000000000000 00007fb089c23450
0x000000010db9a620:   000000012c66de08 0000000000000040 

Instructions: (pc=0x00000001279afae6)
0x00000001279afac6:   8d 15 85 95 0d 01 48 8d 7d b0 4c 89 f6 e8 68 3f
0x00000001279afad6:   b8 ff 48 83 7d b8 00 74 2a 48 8b bb c0 00 00 00
0x00000001279afae6:   48 8b 07 48 8b 40 10 8b 4b 1c 89 4d a8 8b 4b 20
0x00000001279afaf6:   89 4d ac 48 8d 75 b0 48 8d 55 a8 ff d0 eb 06 31 

Register to memory mapping:

RAX=0x000000010db9a440 is pointing into the stack for thread: 0x00007fb08b002000
RBX=0x00007fb089c23150 is an unknown value
RCX=0x0000000000000008 is an unknown value
RDX=0x0000000000000008 is an unknown value
RSP=0x000000010db9a430 is pointing into the stack for thread: 0x00007fb08b002000
RBP=0x000000010db9a490 is pointing into the stack for thread: 0x00007fb08b002000
RSI=0x0000000128a89051: extra_blbits+0x90ff1 in /Users/jessyli/opencv-3.0.0-rc1/build/lib/libopencv_java300.dylib at 0x00000001272f6000
RDI=0x0000000000000000 is an unknown value
R8 =0x0000000000000073 is an unknown value
R9 =0x00007fb089d00000 is an unknown value
R10=0x0000000000000020 is an unknown value
R11=0x00007fb089d00000 is an unknown value
R12=0x000000010db9a460 is pointing into the stack for thread: 0x00007fb08b002000
R13=0x00007fb089c22778 is an unknown value
R14=0x000000010db9a4a0 is pointing into the stack for thread: 0x00007fb08b002000
R15=0x00007fb089c23420 is an unknown value


Stack: [0x000000010da9b000,0x000000010db9b000],  sp=0x000000010db9a430,  free space=1021k
Native frames: (J=compiled Java code, j=interpreted, Vv=VM code, C=native code)
C  [libopencv_java300.dylib+0x6b9ae6]  _ZN2cv21CascadeClassifierImpl5read_ERKNS_8FileNodeE+0x236
C  [libopencv_java300.dylib+0x6b9670]  _ZN2cv21CascadeClassifierImpl4loadERKNS_6StringE+0x3e0
C  [libopencv_java300.dylib+0x6bec10]  _ZN2cv17CascadeClassifier4loadERKNS_6StringE+0xa0
C  [libopencv_java300.dylib+0x6becce]  _ZN2cv17CascadeClassifierC1ERKNS_6StringE+0x1e
C  [libopencv_java300.dylib+0x4a3a8]  Java_org_opencv_objdetect_CascadeClassifier_CascadeClassifier_11+0x98
j  org.opencv.objdetect.CascadeClassifier.CascadeClassifier_1(Ljava/lang/String;)J+0
j  org.opencv.objdetect.CascadeClassifier.<init>(Ljava/lang/String;)V+6
j  openCV.DetectFaceDemo.run()V+24
j  openCV.HelloOpenCV.main([Ljava/lang/String;)V+21
v  ~StubRoutines::call_stub
V  [libjvm.dylib+0x2d429e]
V  [libjvm.dylib+0x309377]
V  [libjvm.dylib+0x302571]
C  [java+0x2c82]  JavaMain+0x998
C  [libsystem_pthread.dylib+0x3268]  _pthread_body+0x83
C  [libsystem_pthread.dylib+0x31e5]  _pthread_body+0x0
C  [libsystem_pthread.dylib+0x141d]  thread_start+0xd
C  0x0000000000000000

Java frames: (J=compiled Java code, j=interpreted, Vv=VM code)
j  org.opencv.objdetect.CascadeClassifier.CascadeClassifier_1(Ljava/lang/String;)J+0
j  org.opencv.objdetect.CascadeClassifier.<init>(Ljava/lang/String;)V+6
j  openCV.DetectFaceDemo.run()V+24
j  openCV.HelloOpenCV.main([Ljava/lang/String;)V+21
v  ~StubRoutines::call_stub

---------------  P R O C E S S  ---------------

Java Threads: ( => current thread )
  0x00007fb08a058800 JavaThread "Service Thread" daemon [_thread_blocked, id=18179, stack(0x00000001270b1000,0x00000001271b1000)]
  0x00007fb08a035800 JavaThread "C1 CompilerThread2" daemon [_thread_blocked, id=17667, stack(0x0000000126fae000,0x00000001270ae000)]
  0x00007fb08a035000 JavaThread "C2 CompilerThread1" daemon [_thread_blocked, id=17155, stack(0x0000000126eab000,0x0000000126fab000)]
  0x00007fb08a033000 JavaThread "C2 CompilerThread0" daemon [_thread_blocked, id=16643, stack(0x0000000126da8000,0x0000000126ea8000)]
  0x00007fb08a022000 JavaThread "Signal Dispatcher" daemon [_thread_blocked, id=16395, stack(0x0000000126ca5000,0x0000000126da5000)]
  0x00007fb08a839000 JavaThread "Finalizer" daemon [_thread_blocked, id=11523, stack(0x000000012528d000,0x000000012538d000)]
  0x00007fb08a80a000 JavaThread "Reference Handler" daemon [_thread_blocked, id=11011, stack(0x000000012518a000,0x000000012528a000)]
=>0x00007fb08b002000 JavaThread "main" [_thread_in_native, id=4867, stack(0x000000010da9b000,0x000000010db9b000)]

Other Threads:
  0x00007fb08a01e800 VMThread [stack: 0x0000000125087000,0x0000000125187000] [id=10499]
  0x00007fb08a82b800 WatcherThread [stack: 0x00000001271b4000,0x00000001272b4000] [id=18691]

VM state:not at safepoint (normal execution)

VM Mutex/Monitor currently owned by a thread: None

Heap:
 PSYoungGen      total 38400K, used 2678K [0x0000000795580000, 0x0000000798000000, 0x00000007c0000000)
  eden space 33280K, 8% used [0x0000000795580000,0x000000079581da60,0x0000000797600000)
  from space 5120K, 0% used [0x0000000797b00000,0x0000000797b00000,0x0000000798000000)
  to   space 5120K, 0% used [0x0000000797600000,0x0000000797600000,0x0000000797b00000)
 ParOldGen       total 87552K, used 0K [0x0000000740000000, 0x0000000745580000, 0x0000000795580000)
  object space 87552K, 0% used [0x0000000740000000,0x0000000740000000,0x0000000745580000)
 Metaspace       used 3008K, capacity 4716K, committed 4864K, reserved 1056768K
  class space    used 316K, capacity 424K, committed 512K, reserved 1048576K

Card table byte_map: [0x000000011e6db000,0x000000011eadc000] byte_map_base: 0x000000011acdb000

Marking Bits: (ParMarkBitMap*) 0x000000010ec9c330
 Begin Bits: [0x000000011f193000, 0x0000000121193000)
 End Bits:   [0x0000000121193000, 0x0000000123193000)

Polling page: 0x000000010dbdf000

CodeCache: size=245760Kb used=1222Kb max_used=1222Kb free=244537Kb
 bounds [0x000000010f31b000, 0x000000010f58b000, 0x000000011e31b000]
 total_blobs=376 nmethods=68 adapters=223
 compilation: enabled

Compilation events (10 events):
Event: 0.328 Thread 0x00007fb08a035800   64       3       java.lang.AbstractStringBuilder::<init> (12 bytes)
Event: 0.328 Thread 0x00007fb08a035800 nmethod 64 0x000000010f44a590 code [0x000000010f44a700, 0x000000010f44a950]
Event: 0.329 Thread 0x00007fb08a035800   65       3       java.lang.Character::toLowerCase (6 bytes)
Event: 0.329 Thread 0x00007fb08a035800 nmethod 65 0x000000010f44aa10 code [0x000000010f44aba0, 0x000000010f44ae38]
Event: 0.329 Thread 0x00007fb08a035800   66       3       java.lang.Character::toLowerCase (9 bytes)
Event: 0.329 Thread 0x00007fb08a035800 nmethod 66 0x000000010f44b410 code [0x000000010f44b580, 0x000000010f44b7b8]
Event: 0.329 Thread 0x00007fb08a035800   67       3       java.lang.CharacterDataLatin1::toLowerCase (39 bytes)
Event: 0.329 Thread 0x00007fb08a035800 nmethod 67 0x000000010f44c1d0 code [0x000000010f44c340, 0x000000010f44c5d0]
Event: 0.329 Thread 0x00007fb08a035800   68       1       java.net.URL::getHost (5 bytes)
Event: 0.329 Thread 0x00007fb08a035800 nmethod 68 0x000000010f44c750 code [0x000000010f44c8a0, 0x000000010f44c9b0]

GC Heap History (0 events):
No events

Deoptimization events (0 events):
No events

Internal exceptions (10 events):
Event: 0.249 Thread 0x00007fb08b002000 Exception <a 'java/security/PrivilegedActionException'> (0x00000007957b2850) thrown at [/HUDSON3/workspace/8-2-build-macosx-x86_64/jdk8u20/1074/hotspot/src/share/vm/prims/jvm.cpp, line 1275]
Event: 0.249 Thread 0x00007fb08b002000 Exception <a 'java/security/PrivilegedActionException'> (0x00000007957b2a08) thrown at [/HUDSON3/workspace/8-2-build-macosx-x86_64/jdk8u20/1074/hotspot/src/share/vm/prims/jvm.cpp, line 1275]
Event: 0.249 Thread 0x00007fb08b002000 Exception <a 'java/security/PrivilegedActionException'> (0x00000007957b2d78) thrown at [/HUDSON3/workspace/8-2-build-macosx-x86_64/jdk8u20/1074/hotspot/src/share/vm/prims/jvm.cpp, line 1275]
Event: 0.257 Thread 0x00007fb08b002000 Exception <a 'java/security/PrivilegedActionException'> (0x00000007957b9120) thrown at [/HUDSON3/workspace/8-2-build-macosx-x86_64/jdk8u20/1074/hotspot/src/share/vm/prims/jvm.cpp, line 1275]
Event: 0.266 Thread 0x00007fb08b002000 Exception <a 'java/security/PrivilegedActionException'> (0x00000007957e2968) thrown at [/HUDSON3/workspace/8-2-build-macosx-x86_64/jdk8u20/1074/hotspot/src/share/vm/prims/jvm.cpp, line 1275]
Event: 0.267 Thread 0x00007fb08b002000 Exception <a 'java/security/PrivilegedActionException'> (0x00000007957f48c8) thrown at [/HUDSON3/workspace/8-2-build-macosx-x86_64/jdk8u20/1074/hotspot/src/share/vm/prims/jvm.cpp, line 1275]
Event: 0.268 Thread 0x00007fb08b002000 Exception <a 'java/security/PrivilegedActionException'> (0x00000007957fa388) thrown at [/HUDSON3/workspace/8-2-build-macosx-x86_64/jdk8u20/1074/hotspot/src/share/vm/prims/jvm.cpp, line 1275]
Event: 0.327 Thread 0x00007fb08b002000 Exception <a 'java/security/PrivilegedActionException'> (0x0000000795801530) thrown at [/HUDSON3/workspace/8-2-build-macosx-x86_64/jdk8u20/1074/hotspot/src/share/vm/prims/jvm.cpp, line 1275]
Event: 0.328 Thread 0x00007fb08b002000 Exception <a 'java/security/PrivilegedActionException'> (0x0000000795804e70) thrown at [/HUDSON3/workspace/8-2-build-macosx-x86_64/jdk8u20/1074/hotspot/src/share/vm/prims/jvm.cpp, line 1275]
Event: 0.329 Thread 0x00007fb08b002000 Exception <a 'java/security/PrivilegedActionException'> (0x000000079580b9b0) thrown at [/HUDSON3/workspace/8-2-build-macosx-x86_64/jdk8u20/1074/hotspot/src/share/vm/prims/jvm.cpp, line 1275]

Events (10 events):
Event: 0.270 loading class java/lang/ClassLoaderHelper
Event: 0.270 loading class java/lang/ClassLoaderHelper done
Event: 0.327 loading class openCV/DetectFaceDemo
Event: 0.327 loading class openCV/DetectFaceDemo done
Event: 0.328 loading class org/opencv/objdetect/CascadeClassifier
Event: 0.328 loading class org/opencv/objdetect/CascadeClassifier done
Event: 0.328 loading class java/util/concurrent/ConcurrentHashMap$ForwardingNode
Event: 0.328 loading class java/util/concurrent/ConcurrentHashMap$ForwardingNode done
Event: 0.328 loading class org/opencv/core/MatOfRect
Event: 0.328 loading class org/opencv/core/MatOfRect done


Dynamic libraries:
0x000000000d4cc000 	/System/Library/Frameworks/Cocoa.framework/Versions/A/Cocoa
0x000000000d4cc000 	/System/Library/Frameworks/Security.framework/Versions/A/Security
0x000000000d4cc000 	/System/Library/Frameworks/ApplicationServices.framework/Versions/A/ApplicationServices
0x000000000d4cc000 	/usr/lib/libz.1.dylib
0x000000000d4cc000 	/usr/lib/libSystem.B.dylib
0x000000000d4cc000 	/usr/lib/libobjc.A.dylib
0x000000000d4cc000 	/System/Library/Frameworks/CoreFoundation.framework/Versions/A/CoreFoundation
0x000000000d4cc000 	/System/Library/Frameworks/Foundation.framework/Versions/C/Foundation
0x000000000d4cc000 	/System/Library/Frameworks/AppKit.framework/Versions/C/AppKit
0x000000000d4cc000 	/System/Library/Frameworks/CoreData.framework/Versions/A/CoreData
0x000000000d4cc000 	/System/Library/PrivateFrameworks/RemoteViewServices.framework/Versions/A/RemoteViewServices
0x000000000d4cc000 	/System/Library/PrivateFrameworks/UIFoundation.framework/Versions/A/UIFoundation
0x000000000d4cc000 	/System/Library/Frameworks/IOSurface.framework/Versions/A/IOSurface
0x000000000d4cc000 	/System/Library/Frameworks/AudioToolbox.framework/Versions/A/AudioToolbox
0x000000000d4cc000 	/System/Library/Frameworks/AudioUnit.framework/Versions/A/AudioUnit
0x000000000d4cc000 	/System/Library/PrivateFrameworks/DataDetectorsCore.framework/Versions/A/DataDetectorsCore
0x000000000d4cc000 	/System/Library/PrivateFrameworks/DesktopServicesPriv.framework/Versions/A/DesktopServicesPriv
0x000000000d4cc000 	/System/Library/Frameworks/Carbon.framework/Versions/A/Frameworks/HIToolbox.framework/Versions/A/HIToolbox
0x000000000d4cc000 	/System/Library/Frameworks/QuartzCore.framework/Versions/A/QuartzCore
0x000000000d4cc000 	/System/Library/Frameworks/Carbon.framework/Versions/A/Frameworks/SpeechRecognition.framework/Versions/A/SpeechRecognition
0x000000000d4cc000 	/usr/lib/libauto.dylib
0x000000000d4cc000 	/usr/lib/libicucore.A.dylib
0x000000000d4cc000 	/usr/lib/libxml2.2.dylib
0x000000000d4cc000 	/System/Library/PrivateFrameworks/CoreUI.framework/Versions/A/CoreUI
0x000000000d4cc000 	/System/Library/Frameworks/CoreAudio.framework/Versions/A/CoreAudio
0x000000000d4cc000 	/System/Library/Frameworks/DiskArbitration.framework/Versions/A/DiskArbitration
0x000000000d4cc000 	/usr/lib/liblangid.dylib
0x000000000d4cc000 	/System/Library/PrivateFrameworks/MultitouchSupport.framework/Versions/A/MultitouchSupport
0x000000000d4cc000 	/System/Library/Frameworks/IOKit.framework/Versions/A/IOKit
0x000000000d4cc000 	/usr/lib/libDiagnosticMessagesClient.dylib
0x000000000d4cc000 	/System/Library/Frameworks/CoreServices.framework/Versions/A/CoreServices
0x000000000d4cc000 	/System/Library/PrivateFrameworks/PerformanceAnalysis.framework/Versions/A/PerformanceAnalysis
0x000000000d4cc000 	/System/Library/PrivateFrameworks/GenerationalStorage.framework/Versions/A/GenerationalStorage
0x000000000d4cc000 	/System/Library/Frameworks/OpenGL.framework/Versions/A/OpenGL
0x000000000d4cc000 	/System/Library/PrivateFrameworks/Sharing.framework/Versions/A/Sharing
0x000000000d4cc000 	/System/Library/Frameworks/CoreGraphics.framework/Versions/A/CoreGraphics
0x000000000d4cc000 	/System/Library/Frameworks/CoreText.framework/Versions/A/CoreText
0x000000000d4cc000 	/System/Library/Frameworks/ImageIO.framework/Versions/A/ImageIO
0x000000000d4cc000 	/usr/lib/libextension.dylib
0x000000000d4cc000 	/System/Library/PrivateFrameworks/Backup.framework/Versions/A/Backup
0x000000000d4cc000 	/usr/lib/libarchive.2.dylib
0x000000000d4cc000 	/System/Library/Frameworks/CFNetwork.framework/Versions/A/CFNetwork
0x000000000d4cc000 	/System/Library/Frameworks/SystemConfiguration.framework/Versions/A/SystemConfiguration
0x000000000d4cc000 	/usr/lib/libCRFSuite.dylib
0x000000000d4cc000 	/usr/lib/libc++.1.dylib
0x000000000d4cc000 	/usr/lib/libc++abi.dylib
0x000000000d4cc000 	/usr/lib/system/libcache.dylib
0x000000000d4cc000 	/usr/lib/system/libcommonCrypto.dylib
0x000000000d4cc000 	/usr/lib/system/libcompiler_rt.dylib
0x000000000d4cc000 	/usr/lib/system/libcopyfile.dylib
0x000000000d4cc000 	/usr/lib/system/libcorecrypto.dylib
0x000000000d4cc000 	/usr/lib/system/libdispatch.dylib
0x000000000d4cc000 	/usr/lib/system/libdyld.dylib
0x000000000d4cc000 	/usr/lib/system/libkeymgr.dylib
0x000000000d4cc000 	/usr/lib/system/liblaunch.dylib
0x000000000d4cc000 	/usr/lib/system/libmacho.dylib
0x000000000d4cc000 	/usr/lib/system/libquarantine.dylib
0x000000000d4cc000 	/usr/lib/system/libremovefile.dylib
0x000000000d4cc000 	/usr/lib/system/libsystem_asl.dylib
0x000000000d4cc000 	/usr/lib/system/libsystem_blocks.dylib
0x000000000d4cc000 	/usr/lib/system/libsystem_c.dylib
0x000000000d4cc000 	/usr/lib/system/libsystem_configuration.dylib
0x000000000d4cc000 	/usr/lib/system/libsystem_coreservices.dylib
0x000000000d4cc000 	/usr/lib/system/libsystem_coretls.dylib
0x000000000d4cc000 	/usr/lib/system/libsystem_dnssd.dylib
0x000000000d4cc000 	/usr/lib/system/libsystem_info.dylib
0x000000000d4cc000 	/usr/lib/system/libsystem_kernel.dylib
0x000000000d4cc000 	/usr/lib/system/libsystem_m.dylib
0x000000000d4cc000 	/usr/lib/system/libsystem_malloc.dylib
0x000000000d4cc000 	/usr/lib/system/libsystem_network.dylib
0x000000000d4cc000 	/usr/lib/system/libsystem_networkextension.dylib
0x000000000d4cc000 	/usr/lib/system/libsystem_notify.dylib
0x000000000d4cc000 	/usr/lib/system/libsystem_platform.dylib
0x000000000d4cc000 	/usr/lib/system/libsystem_pthread.dylib
0x000000000d4cc000 	/usr/lib/system/libsystem_sandbox.dylib
0x000000000d4cc000 	/usr/lib/system/libsystem_secinit.dylib
0x000000000d4cc000 	/usr/lib/system/libsystem_stats.dylib
0x000000000d4cc000 	/usr/lib/system/libsystem_trace.dylib
0x000000000d4cc000 	/usr/lib/system/libunc.dylib
0x000000000d4cc000 	/usr/lib/system/libunwind.dylib
0x000000000d4cc000 	/usr/lib/system/libxpc.dylib
0x000000000d4cc000 	/usr/lib/libbz2.1.0.dylib
0x000000000d4cc000 	/usr/lib/liblzma.5.dylib
0x000000000d4cc000 	/usr/lib/libbsm.0.dylib
0x000000000d4cc000 	/usr/lib/libsqlite3.dylib
0x000000000d4cc000 	/usr/lib/system/libkxld.dylib
0x000000000d4cc000 	/usr/lib/libxar.1.dylib
0x000000000d4cc000 	/usr/lib/libpam.2.dylib
0x000000000d4cc000 	/usr/lib/libOpenScriptingUtil.dylib
0x000000000d4cc000 	/System/Library/Frameworks/CoreServices.framework/Versions/A/Frameworks/FSEvents.framework/Versions/A/FSEvents
0x000000000d4cc000 	/System/Library/Frameworks/CoreServices.framework/Versions/A/Frameworks/CarbonCore.framework/Versions/A/CarbonCore
0x000000000d4cc000 	/System/Library/Frameworks/CoreServices.framework/Versions/A/Frameworks/Metadata.framework/Versions/A/Metadata
0x000000000d4cc000 	/System/Library/Frameworks/CoreServices.framework/Versions/A/Frameworks/OSServices.framework/Versions/A/OSServices
0x000000000d4cc000 	/System/Library/Frameworks/CoreServices.framework/Versions/A/Frameworks/SearchKit.framework/Versions/A/SearchKit
0x000000000d4cc000 	/System/Library/Frameworks/CoreServices.framework/Versions/A/Frameworks/AE.framework/Versions/A/AE
0x000000000d4cc000 	/System/Library/Frameworks/CoreServices.framework/Versions/A/Frameworks/LaunchServices.framework/Versions/A/LaunchServices
0x000000000d4cc000 	/System/Library/Frameworks/CoreServices.framework/Versions/A/Frameworks/DictionaryServices.framework/Versions/A/DictionaryServices
0x000000000d4cc000 	/System/Library/Frameworks/NetFS.framework/Versions/A/NetFS
0x000000000d4cc000 	/System/Library/PrivateFrameworks/NetAuth.framework/Versions/A/NetAuth
0x000000000d4cc000 	/System/Library/PrivateFrameworks/login.framework/Versions/A/Frameworks/loginsupport.framework/Versions/A/loginsupport
0x000000000d4cc000 	/System/Library/PrivateFrameworks/TCC.framework/Versions/A/TCC
0x000000000d4cc000 	/usr/lib/libmecabra.dylib
0x000000000d4cc000 	/System/Library/Frameworks/ApplicationServices.framework/Versions/A/Frameworks/ATS.framework/Versions/A/ATS
0x000000000d4cc000 	/System/Library/Frameworks/ApplicationServices.framework/Versions/A/Frameworks/ColorSync.framework/Versions/A/ColorSync
0x000000000d4cc000 	/System/Library/Frameworks/ApplicationServices.framework/Versions/A/Frameworks/HIServices.framework/Versions/A/HIServices
0x000000000d4cc000 	/System/Library/Frameworks/ApplicationServices.framework/Versions/A/Frameworks/LangAnalysis.framework/Versions/A/LangAnalysis
0x000000000d4cc000 	/System/Library/Frameworks/ApplicationServices.framework/Versions/A/Frameworks/PrintCore.framework/Versions/A/PrintCore
0x000000000d4cc000 	/System/Library/Frameworks/ApplicationServices.framework/Versions/A/Frameworks/QD.framework/Versions/A/QD
0x000000000d4cc000 	/System/Library/Frameworks/ApplicationServices.framework/Versions/A/Frameworks/SpeechSynthesis.framework/Versions/A/SpeechSynthesis
0x000000000d4cc000 	/System/Library/Frameworks/Accelerate.framework/Versions/A/Accelerate
0x000000000d4cc000 	/System/Library/Frameworks/Accelerate.framework/Versions/A/Frameworks/vImage.framework/Versions/A/vImage
0x000000000d4cc000 	/System/Library/Frameworks/Accelerate.framework/Versions/A/Frameworks/vecLib.framework/Versions/A/vecLib
0x000000000d4cc000 	/System/Library/Frameworks/Accelerate.framework/Versions/A/Frameworks/vecLib.framework/Versions/A/libvDSP.dylib
0x000000000d4cc000 	/System/Library/Frameworks/Accelerate.framework/Versions/A/Frameworks/vecLib.framework/Versions/A/libvMisc.dylib
0x000000000d4cc000 	/System/Library/Frameworks/Accelerate.framework/Versions/A/Frameworks/vecLib.framework/Versions/A/libLAPACK.dylib
0x000000000d4cc000 	/System/Library/Frameworks/Accelerate.framework/Versions/A/Frameworks/vecLib.framework/Versions/A/libBLAS.dylib
0x000000000d4cc000 	/System/Library/Frameworks/Accelerate.framework/Versions/A/Frameworks/vecLib.framework/Versions/A/libLinearAlgebra.dylib
0x000000000d4cc000 	/System/Library/Frameworks/ApplicationServices.framework/Versions/A/Frameworks/ATS.framework/Versions/A/Resources/libFontParser.dylib
0x000000000d4cc000 	/System/Library/Frameworks/ApplicationServices.framework/Versions/A/Frameworks/ATS.framework/Versions/A/Resources/libFontRegistry.dylib
0x000000000d4cc000 	/System/Library/PrivateFrameworks/AppleVPA.framework/Versions/A/AppleVPA
0x000000000d4cc000 	/System/Library/PrivateFrameworks/AppleJPEG.framework/Versions/A/AppleJPEG
0x000000000d4cc000 	/System/Library/Frameworks/ImageIO.framework/Versions/A/Resources/libJPEG.dylib
0x000000000d4cc000 	/System/Library/Frameworks/ImageIO.framework/Versions/A/Resources/libTIFF.dylib
0x000000000d4cc000 	/System/Library/Frameworks/ImageIO.framework/Versions/A/Resources/libPng.dylib
0x000000000d4cc000 	/System/Library/Frameworks/ImageIO.framework/Versions/A/Resources/libGIF.dylib
0x000000000d4cc000 	/System/Library/Frameworks/ImageIO.framework/Versions/A/Resources/libJP2.dylib
0x000000000d4cc000 	/System/Library/Frameworks/ImageIO.framework/Versions/A/Resources/libRadiance.dylib
0x000000000d4cc000 	/System/Library/Frameworks/CoreVideo.framework/Versions/A/CoreVideo
0x000000000d4cc000 	/System/Library/Frameworks/OpenGL.framework/Versions/A/Libraries/libGLU.dylib
0x000000000d4cc000 	/System/Library/Frameworks/OpenGL.framework/Versions/A/Libraries/libGFXShared.dylib
0x000000000d4cc000 	/System/Library/Frameworks/OpenGL.framework/Versions/A/Libraries/libGL.dylib
0x000000000d4cc000 	/System/Library/Frameworks/OpenGL.framework/Versions/A/Libraries/libGLImage.dylib
0x000000000d4cc000 	/System/Library/Frameworks/OpenGL.framework/Versions/A/Libraries/libCVMSPluginSupport.dylib
0x000000000d4cc000 	/System/Library/Frameworks/OpenGL.framework/Versions/A/Libraries/libCoreVMClient.dylib
0x000000000d4cc000 	/usr/lib/libcups.2.dylib
0x000000000d4cc000 	/System/Library/Frameworks/Kerberos.framework/Versions/A/Kerberos
0x000000000d4cc000 	/System/Library/Frameworks/GSS.framework/Versions/A/GSS
0x000000000d4cc000 	/usr/lib/libresolv.9.dylib
0x000000000d4cc000 	/usr/lib/libiconv.2.dylib
0x000000000d4cc000 	/System/Library/PrivateFrameworks/Heimdal.framework/Versions/A/Heimdal
0x000000000d4cc000 	/usr/lib/libheimdal-asn1.dylib
0x000000000d4cc000 	/System/Library/Frameworks/OpenDirectory.framework/Versions/A/OpenDirectory
0x000000000d4cc000 	/System/Library/PrivateFrameworks/CommonAuth.framework/Versions/A/CommonAuth
0x000000000d4cc000 	/System/Library/Frameworks/OpenDirectory.framework/Versions/A/Frameworks/CFOpenDirectory.framework/Versions/A/CFOpenDirectory
0x000000000d4cc000 	/System/Library/Frameworks/SecurityFoundation.framework/Versions/A/SecurityFoundation
0x000000000d4cc000 	/System/Library/PrivateFrameworks/LanguageModeling.framework/Versions/A/LanguageModeling
0x000000000d4cc000 	/usr/lib/libcmph.dylib
0x000000000d4cc000 	/System/Library/Frameworks/ServiceManagement.framework/Versions/A/ServiceManagement
0x000000000d4cc000 	/usr/lib/libxslt.1.dylib
0x000000000d4cc000 	/System/Library/Frameworks/Carbon.framework/Versions/A/Frameworks/Ink.framework/Versions/A/Ink
0x000000000d4cc000 	/System/Library/Frameworks/QuartzCore.framework/Versions/A/Frameworks/CoreImage.framework/Versions/A/CoreImage
0x000000000d4cc000 	/System/Library/PrivateFrameworks/CrashReporterSupport.framework/Versions/A/CrashReporterSupport
0x000000000d4cc000 	/System/Library/Frameworks/OpenCL.framework/Versions/A/OpenCL
0x000000000d4cc000 	/System/Library/PrivateFrameworks/FaceCore.framework/Versions/A/FaceCore
0x000000000d4cc000 	/System/Library/PrivateFrameworks/Ubiquity.framework/Versions/A/Ubiquity
0x000000000d4cc000 	/System/Library/PrivateFrameworks/IconServices.framework/Versions/A/IconServices
0x000000000d4cc000 	/System/Library/PrivateFrameworks/ChunkingLibrary.framework/Versions/A/ChunkingLibrary
0x000000000d4cc000 	/System/Library/PrivateFrameworks/Apple80211.framework/Versions/A/Apple80211
0x000000000d4cc000 	/System/Library/Frameworks/CoreWLAN.framework/Versions/A/CoreWLAN
0x000000000d4cc000 	/System/Library/Frameworks/IOBluetooth.framework/Versions/A/IOBluetooth
0x000000000d4cc000 	/System/Library/PrivateFrameworks/CoreWiFi.framework/Versions/A/CoreWiFi
0x000000000d4cc000 	/System/Library/Frameworks/CoreBluetooth.framework/Versions/A/CoreBluetooth
0x000000000d4cc000 	/System/Library/PrivateFrameworks/DebugSymbols.framework/Versions/A/DebugSymbols
0x000000000d4cc000 	/System/Library/PrivateFrameworks/CoreSymbolication.framework/Versions/A/CoreSymbolication
0x000000000d4cc000 	/System/Library/PrivateFrameworks/Symbolication.framework/Versions/A/Symbolication
0x000000000d4cc000 	/System/Library/PrivateFrameworks/SpeechRecognitionCore.framework/Versions/A/SpeechRecognitionCore
0x000000010e400000 	/Library/Java/JavaVirtualMachines/jdk1.8.0_20.jdk/Contents/Home/jre/lib/server/libjvm.dylib
0x000000000d4cc000 	/usr/lib/libstdc++.6.dylib
0x000000010db9d000 	/Library/Java/JavaVirtualMachines/jdk1.8.0_20.jdk/Contents/Home/jre/lib/libverify.dylib
0x000000010dbab000 	/Library/Java/JavaVirtualMachines/jdk1.8.0_20.jdk/Contents/Home/jre/lib/libjava.dylib
0x000000010dbe9000 	/Library/Java/JavaVirtualMachines/jdk1.8.0_20.jdk/Contents/Home/jre/lib/libzip.dylib
0x000000012538f000 	/System/Library/Frameworks/JavaVM.framework/Frameworks/JavaRuntimeSupport.framework/JavaRuntimeSupport
0x00000001253a7000 	/System/Library/Frameworks/JavaVM.framework/Versions/A/Frameworks/JavaNativeFoundation.framework/Versions/A/JavaNativeFoundation
0x000000010dbf3000 	/System/Library/Frameworks/JavaVM.framework/Versions/A/JavaVM
0x000000000d4cc000 	/System/Library/Frameworks/Carbon.framework/Versions/A/Carbon
0x00000001253bc000 	/System/Library/PrivateFrameworks/JavaLaunching.framework/Versions/A/JavaLaunching
0x000000000d4cc000 	/System/Library/Frameworks/Carbon.framework/Versions/A/Frameworks/CommonPanels.framework/Versions/A/CommonPanels
0x000000000d4cc000 	/System/Library/Frameworks/Carbon.framework/Versions/A/Frameworks/Help.framework/Versions/A/Help
0x000000000d4cc000 	/System/Library/Frameworks/Carbon.framework/Versions/A/Frameworks/ImageCapture.framework/Versions/A/ImageCapture
0x000000000d4cc000 	/System/Library/Frameworks/Carbon.framework/Versions/A/Frameworks/OpenScripting.framework/Versions/A/OpenScripting
0x000000000d4cc000 	/System/Library/Frameworks/Carbon.framework/Versions/A/Frameworks/Print.framework/Versions/A/Print
0x000000000d4cc000 	/System/Library/Frameworks/Carbon.framework/Versions/A/Frameworks/SecurityHI.framework/Versions/A/SecurityHI
0x00000001272f6000 	/Users/jessyli/opencv-3.0.0-rc1/build/lib/libopencv_java300.dylib
0x000000000d4cc000 	/System/Library/Frameworks/QTKit.framework/Versions/A/QTKit
0x000000000d4cc000 	/System/Library/Frameworks/AVFoundation.framework/Versions/A/AVFoundation
0x000000000d4cc000 	/System/Library/Frameworks/CoreMedia.framework/Versions/A/CoreMedia
0x000000000d4cc000 	/System/Library/Frameworks/MediaToolbox.framework/Versions/A/MediaToolbox
0x000000000d4cc000 	/System/Library/Frameworks/VideoToolbox.framework/Versions/A/VideoToolbox
0x000000000d4cc000 	/System/Library/PrivateFrameworks/CoreMediaAuthoring.framework/Versions/A/CoreMediaAuthoring
0x000000000d4cc000 	/System/Library/Frameworks/CoreMediaIO.framework/Versions/A/CoreMediaIO
0x000000000d4cc000 	/System/Library/Frameworks/AVFoundation.framework/Versions/A/Resources/libAVFAudio.dylib
0x000000000d4cc000 	/System/Library/PrivateFrameworks/MediaControlSender.framework/Versions/A/MediaControlSender
0x000000000d4cc000 	/System/Library/PrivateFrameworks/CoreAVCHD.framework/Versions/A/CoreAVCHD
0x000000000d4cc000 	/System/Library/Frameworks/MediaAccessibility.framework/Versions/A/MediaAccessibility
0x000000000d4cc000 	/System/Library/PrivateFrameworks/Mangrove.framework/Versions/A/Mangrove
0x000000000d4cc000 	/System/Library/PrivateFrameworks/CoreAUC.framework/Versions/A/CoreAUC
0x000000000d4cc000 	/System/Library/PrivateFrameworks/NetworkStatistics.framework/Versions/A/NetworkStatistics
0x000000000d4cc000 	/System/Library/PrivateFrameworks/AppleSRP.framework/Versions/A/AppleSRP
0x000000000d4cc000 	/System/Library/PrivateFrameworks/AirPlaySupport.framework/Versions/A/AirPlaySupport
0x000000000d4cc000 	/System/Library/PrivateFrameworks/CoreUtils.framework/Versions/A/CoreUtils
0x000000000d4cc000 	/System/Library/PrivateFrameworks/AppleVA.framework/Versions/A/AppleVA
0x000000000d4cc000 	/System/Library/PrivateFrameworks/XPCService.framework/Versions/A/XPCService
0x000000000d4cc000 	/System/Library/PrivateFrameworks/AppSandbox.framework/Versions/A/AppSandbox
0x000000000d4cc000 	/usr/lib/libsandbox.1.dylib
0x000000000d4cc000 	/System/Library/PrivateFrameworks/AppContainer.framework/Versions/A/AppContainer
0x000000000d4cc000 	/System/Library/PrivateFrameworks/SecCodeWrapper.framework/Versions/A/SecCodeWrapper
0x000000000d4cc000 	/usr/lib/libMatch.1.dylib
0x000000000d4cc000 	/System/Library/Frameworks/OpenCL.framework/Versions/A/Libraries/libcldcpuengine.dylib
0x000000000d4cc000 	/System/Library/PrivateFrameworks/DiskImages.framework/Versions/A/DiskImages
0x000000000d4cc000 	/System/Library/Frameworks/DiscRecording.framework/Versions/A/DiscRecording
0x000000000d4cc000 	/usr/lib/libcsfde.dylib
0x000000000d4cc000 	/usr/lib/libcurl.4.dylib
0x000000000d4cc000 	/System/Library/PrivateFrameworks/MediaKit.framework/Versions/A/MediaKit
0x000000000d4cc000 	/System/Library/PrivateFrameworks/ProtectedCloudStorage.framework/Versions/A/ProtectedCloudStorage
0x000000000d4cc000 	/usr/lib/libCoreStorage.dylib
0x000000000d4cc000 	/System/Library/PrivateFrameworks/EFILogin.framework/Versions/A/EFILogin
0x000000000d4cc000 	/usr/lib/libutil.dylib
0x000000000d4cc000 	/System/Library/PrivateFrameworks/FindMyDevice.framework/Versions/A/FindMyDevice
0x000000000d4cc000 	/System/Library/Frameworks/LDAP.framework/Versions/A/LDAP
0x000000000d4cc000 	/usr/lib/libsasl2.2.dylib
0x000000000d4cc000 	/System/Library/PrivateFrameworks/CoreDaemon.framework/Versions/B/CoreDaemon
0x000000000d4cc000 	/usr/lib/libcrypto.0.9.8.dylib
0x000000000d4cc000 	/System/Library/PrivateFrameworks/TrustEvaluationAgent.framework/Versions/A/TrustEvaluationAgent
0x0000000000000000 	/System/Library/Extensions/AppleIntelHD5000GraphicsGLDriver.bundle/Contents/MacOS/AppleIntelHD5000GraphicsGLDriver
0x000000000d4cc000 	/System/Library/PrivateFrameworks/IOAccelerator.framework/Versions/A/IOAccelerator
0x000000000d4cc000 	/System/Library/Frameworks/OpenGL.framework/Versions/A/Libraries/libGLProgrammability.dylib
0x000000000d4cc000 	/System/Library/PrivateFrameworks/GPUSupport.framework/Versions/A/Libraries/libGPUSupportMercury.dylib
0x000000000d4cc000 	/System/Library/Frameworks/OpenGL.framework/Versions/A/Resources/GLRendererFloat.bundle/GLRendererFloat

VM Arguments:
jvm_args: -Djava.library.path=/Users/jessyli/opencv-3.0.0-rc1/build/lib -Dfile.encoding=UTF-8 
java_command: openCV.HelloOpenCV
java_class_path (initial): /Users/jessyli/Documents/workspace/openCV/bin:/Users/jessyli/opencv-3.0.0-rc1/build/bin/opencv-300.jar
Launcher Type: SUN_STANDARD

Environment Variables:
PATH=/usr/bin:/bin:/usr/sbin:/sbin
SHELL=/bin/bash
DISPLAY=/private/tmp/com.apple.launchd.WlMJAWSpHl/org.macosforge.xquartz:0

Signal Handlers:
SIGSEGV: [libjvm.dylib+0x578fd7], sa_mask[0]=11111111011111110111111111111111, sa_flags=SA_ONSTACK|SA_RESTART|SA_SIGINFO
SIGBUS: [libjvm.dylib+0x578fd7], sa_mask[0]=11111111011111110111111111111111, sa_flags=SA_RESTART|SA_SIGINFO
SIGFPE: [libjvm.dylib+0x45ab0c], sa_mask[0]=11111111011111110111111111111111, sa_flags=SA_RESTART|SA_SIGINFO
SIGPIPE: [libjvm.dylib+0x45ab0c], sa_mask[0]=11111111011111110111111111111111, sa_flags=SA_RESTART|SA_SIGINFO
SIGXFSZ: [libjvm.dylib+0x45ab0c], sa_mask[0]=11111111011111110111111111111111, sa_flags=SA_RESTART|SA_SIGINFO
SIGILL: [libjvm.dylib+0x45ab0c], sa_mask[0]=11111111011111110111111111111111, sa_flags=SA_RESTART|SA_SIGINFO
SIGUSR1: SIG_DFL, sa_mask[0]=00000000000000000000000000000000, sa_flags=none
SIGUSR2: [libjvm.dylib+0x45a62a], sa_mask[0]=00100000000000000000000000000000, sa_flags=SA_RESTART|SA_SIGINFO
SIGHUP: [libjvm.dylib+0x458bfd], sa_mask[0]=11111111011111110111111111111111, sa_flags=SA_RESTART|SA_SIGINFO
SIGINT: [libjvm.dylib+0x458bfd], sa_mask[0]=11111111011111110111111111111111, sa_flags=SA_RESTART|SA_SIGINFO
SIGTERM: [libjvm.dylib+0x458bfd], sa_mask[0]=11111111011111110111111111111111, sa_flags=SA_RESTART|SA_SIGINFO
SIGQUIT: [libjvm.dylib+0x458bfd], sa_mask[0]=11111111011111110111111111111111, sa_flags=SA_RESTART|SA_SIGINFO


---------------  S Y S T E M  ---------------

OS:Bsduname:Darwin 14.3.0 Darwin Kernel Version 14.3.0: Mon Mar 23 11:59:05 PDT 2015; root:xnu-2782.20.48~5/RELEASE_X86_64 x86_64
rlimit: STACK 8192k, CORE 0k, NPROC 709, NOFILE 10240, AS infinity
load average:1.68 1.79 1.93

CPU:total 4 (2 cores per cpu, 2 threads per core) family 6 model 69 stepping 1, cmov, cx8, fxsr, mmx, sse, sse2, sse3, ssse3, sse4.1, sse4.2, popcnt, avx, avx2, aes, clmul, erms, lzcnt, ht, tsc, tscinvbit, bmi1, bmi2

Memory: 4k page, physical 8388608k(73900k free)

/proc/meminfo:


vm_info: Java HotSpot(TM) 64-Bit Server VM (25.20-b23) for bsd-amd64 JRE (1.8.0_20-b26), built on Jul 30 2014 13:37:47 by "java_re" with gcc 4.2.1 (Based on Apple Inc. build 5658) (LLVM build 2336.9.00)

time: Tue May 19 15:44:39 2015
elapsed time: 0 seconds (0d 0h 0m 0s)

