#
# A fatal error has been detected by the Java Runtime Environment:
#
#  SIGSEGV (0xb) at pc=0x000000011d7f9ae6, pid=43677, tid=4867
#
# JRE version: Java(TM) SE Runtime Environment (8.0_20-b26) (build 1.8.0_20-b26)
# Java VM: Java HotSpot(TM) 64-Bit Server VM (25.20-b23 mixed mode bsd-amd64 compressed oops)
# Problematic frame:
# C  [libopencv_java300.dylib+0x6b9ae6]  _ZN2cv21CascadeClassifierImpl5read_ERKNS_8FileNodeE+0x236
#
# Failed to write core dump. Core dumps have been disabled. To enable core dumping, try "ulimit -c unlimited" before starting Java again
#
# If you would like to submit a bug report, please visit:
#   http://bugreport.sun.com/bugreport/crash.jsp
# The crash happened outside the Java Virtual Machine in native code.
# See problematic frame for where to report the bug.
#

---------------  T H R E A D  ---------------

Current thread (0x00007fd3b4805800):  JavaThread "main" [_thread_in_native, id=4867, stack(0x0000000104e01000,0x0000000104f01000)]

siginfo: si_signo: 11 (SIGSEGV), si_code: 1 (SEGV_MAPERR), si_addr: 0x0000000000000000

Registers:
RAX=0x0000000104f00440, RBX=0x00007fd3b3f26f30, RCX=0x0000000000000008, RDX=0x0000000000000008
RSP=0x0000000104f00430, RBP=0x0000000104f00490, RSI=0x000000011e8d3051, RDI=0x0000000000000000
R8 =0x0000000000000073, R9 =0x00007fd3b3e00000, R10=0x0000000000000020, R11=0x0000000000000000
R12=0x0000000104f00460, R13=0x00007fd3b3f26bf8, R14=0x0000000104f004a0, R15=0x00007fd3b3f27200
RIP=0x000000011d7f9ae6, EFLAGS=0x0000000000010206, ERR=0x0000000000000004
  TRAPNO=0x000000000000000e

Top of Stack: (sp=0x0000000104f00430)
0x0000000104f00430:   0000000000000000 0000000000000020
0x0000000104f00440:   00007fd3b3f27230 000000012233c4d8
0x0000000104f00450:   0000000000000000 0000000000000000
0x0000000104f00460:   0000000000000000 0000000000000000
0x0000000104f00470:   00007fd3b3f27230 00000001224b7e08
0x0000000104f00480:   0000000104f00710 00007fd3b3f26f30
0x0000000104f00490:   0000000104f006a0 000000011d7f9670
0x0000000104f004a0:   00007fd3b3f27230 00000001224b8328
0x0000000104f004b0:   0000000000000000 0000000000000000
0x0000000104f004c0:   0000000000000001 000000011ea23bd0
0x0000000104f004d0:   00007fd3b3e1ecd0 00007fd3b3f27230
0x0000000104f004e0:   0000000000000000 0000000000000000
0x0000000104f004f0:   0000000000000000 0000000000000000
0x0000000104f00500:   0000000000000000 0000000000000006
0x0000000104f00510:   0000000000000000 0000000000000000
0x0000000104f00520:   0000000000000000 0000000000000000
0x0000000104f00530:   0000000000000000 0000000000000000
0x0000000104f00540:   0000000000000000 0000000000000000
0x0000000104f00550:   0000000000000000 0000000000000000
0x0000000104f00560:   0000000000000000 0000000000000000
0x0000000104f00570:   0000000000000000 0000000000000000
0x0000000104f00580:   0000000000000000 0000000000000000
0x0000000104f00590:   0000000000000000 0000000000000000
0x0000000104f005a0:   0000000000000000 0000000000000000
0x0000000104f005b0:   0000000000000000 0000000000000000
0x0000000104f005c0:   00007fd3b3f27230 00000001224b7e08
0x0000000104f005d0:   0000000000000040 00000001224b8210
0x0000000104f005e0:   00000001224b8308 00000001224b8358
0x0000000104f005f0:   00000001224b8328 00000001224b84a8
0x0000000104f00600:   6c0085e600000000 00000001224b8478
0x0000000104f00610:   0000000000000000 00007fd3b3f27230
0x0000000104f00620:   00000001224b7e08 0000000000000040 

Instructions: (pc=0x000000011d7f9ae6)
0x000000011d7f9ac6:   8d 15 85 95 0d 01 48 8d 7d b0 4c 89 f6 e8 68 3f
0x000000011d7f9ad6:   b8 ff 48 83 7d b8 00 74 2a 48 8b bb c0 00 00 00
0x000000011d7f9ae6:   48 8b 07 48 8b 40 10 8b 4b 1c 89 4d a8 8b 4b 20
0x000000011d7f9af6:   89 4d ac 48 8d 75 b0 48 8d 55 a8 ff d0 eb 06 31 

Register to memory mapping:

RAX=0x0000000104f00440 is pointing into the stack for thread: 0x00007fd3b4805800
RBX=0x00007fd3b3f26f30 is an unknown value
RCX=0x0000000000000008 is an unknown value
RDX=0x0000000000000008 is an unknown value
RSP=0x0000000104f00430 is pointing into the stack for thread: 0x00007fd3b4805800
RBP=0x0000000104f00490 is pointing into the stack for thread: 0x00007fd3b4805800
RSI=0x000000011e8d3051: extra_blbits+0x90ff1 in /Users/jessyli/opencv-3.0.0-rc1/build/lib/libopencv_java300.dylib at 0x000000011d140000
RDI=0x0000000000000000 is an unknown value
R8 =0x0000000000000073 is an unknown value
R9 =0x00007fd3b3e00000 is an unknown value
R10=0x0000000000000020 is an unknown value
R11=0x0000000000000000 is an unknown value
R12=0x0000000104f00460 is pointing into the stack for thread: 0x00007fd3b4805800
R13=0x00007fd3b3f26bf8 is an unknown value
R14=0x0000000104f004a0 is pointing into the stack for thread: 0x00007fd3b4805800
R15=0x00007fd3b3f27200 is an unknown value


Stack: [0x0000000104e01000,0x0000000104f01000],  sp=0x0000000104f00430,  free space=1021k
Native frames: (J=compiled Java code, j=interpreted, Vv=VM code, C=native code)
C  [libopencv_java300.dylib+0x6b9ae6]  _ZN2cv21CascadeClassifierImpl5read_ERKNS_8FileNodeE+0x236
C  [libopencv_java300.dylib+0x6b9670]  _ZN2cv21CascadeClassifierImpl4loadERKNS_6StringE+0x3e0
C  [libopencv_java300.dylib+0x6bec10]  _ZN2cv17CascadeClassifier4loadERKNS_6StringE+0xa0
C  [libopencv_java300.dylib+0x6becce]  _ZN2cv17CascadeClassifierC1ERKNS_6StringE+0x1e
C  [libopencv_java300.dylib+0x4a3a8]  Java_org_opencv_objdetect_CascadeClassifier_CascadeClassifier_11+0x98
j  org.opencv.objdetect.CascadeClassifier.CascadeClassifier_1(Ljava/lang/String;)J+0
j  org.opencv.objdetect.CascadeClassifier.<init>(Ljava/lang/String;)V+6
j  openCV.DetectFaceDemo.run()V+24
j  openCV.HelloOpenCV.main([Ljava/lang/String;)V+21
v  ~StubRoutines::call_stub
V  [libjvm.dylib+0x2d429e]
V  [libjvm.dylib+0x309377]
V  [libjvm.dylib+0x302571]
C  [java+0x2c82]  JavaMain+0x998
C  [libsystem_pthread.dylib+0x3268]  _pthread_body+0x83
C  [libsystem_pthread.dylib+0x31e5]  _pthread_body+0x0
C  [libsystem_pthread.dylib+0x141d]  thread_start+0xd
C  0x0000000000000000

Java frames: (J=compiled Java code, j=interpreted, Vv=VM code)
j  org.opencv.objdetect.CascadeClassifier.CascadeClassifier_1(Ljava/lang/String;)J+0
j  org.opencv.objdetect.CascadeClassifier.<init>(Ljava/lang/String;)V+6
j  openCV.DetectFaceDemo.run()V+24
j  openCV.HelloOpenCV.main([Ljava/lang/String;)V+21
v  ~StubRoutines::call_stub

---------------  P R O C E S S  ---------------

Java Threads: ( => current thread )
  0x00007fd3b581a000 JavaThread "Service Thread" daemon [_thread_blocked, id=19459, stack(0x000000011cefc000,0x000000011cffc000)]
  0x00007fd3b5009000 JavaThread "C1 CompilerThread2" daemon [_thread_blocked, id=18947, stack(0x000000011cdf9000,0x000000011cef9000)]
  0x00007fd3b4031000 JavaThread "C2 CompilerThread1" daemon [_thread_blocked, id=18435, stack(0x000000011ccf6000,0x000000011cdf6000)]
  0x00007fd3b5008800 JavaThread "C2 CompilerThread0" daemon [_thread_blocked, id=17923, stack(0x000000011cbf3000,0x000000011ccf3000)]
  0x00007fd3b4024000 JavaThread "JDWP Command Reader" daemon [_thread_in_native, id=17411, stack(0x000000011caf0000,0x000000011cbf0000)]
  0x00007fd3b4023000 JavaThread "JDWP Event Helper Thread" daemon [_thread_blocked, id=16899, stack(0x000000011c9ed000,0x000000011caed000)]
  0x00007fd3b4022800 JavaThread "JDWP Transport Listener: dt_socket" daemon [_thread_blocked, id=16387, stack(0x000000011c8ea000,0x000000011c9ea000)]
  0x00007fd3b5817800 JavaThread "Signal Dispatcher" daemon [_thread_blocked, id=12307, stack(0x000000011c7e0000,0x000000011c8e0000)]
  0x00007fd3b5812800 JavaThread "Finalizer" daemon [_thread_blocked, id=11523, stack(0x000000011ae4d000,0x000000011af4d000)]
  0x00007fd3b5812000 JavaThread "Reference Handler" daemon [_thread_blocked, id=11011, stack(0x000000011ad4a000,0x000000011ae4a000)]
=>0x00007fd3b4805800 JavaThread "main" [_thread_in_native, id=4867, stack(0x0000000104e01000,0x0000000104f01000)]

Other Threads:
  0x00007fd3b580d000 VMThread [stack: 0x000000011ac47000,0x000000011ad47000] [id=10499]
  0x00007fd3b581b800 WatcherThread [stack: 0x000000011cfff000,0x000000011d0ff000] [id=19971]

VM state:not at safepoint (normal execution)

VM Mutex/Monitor currently owned by a thread: None

Heap:
 PSYoungGen      total 38400K, used 3336K [0x0000000795580000, 0x0000000798000000, 0x00000007c0000000)
  eden space 33280K, 10% used [0x0000000795580000,0x00000007958c20d8,0x0000000797600000)
  from space 5120K, 0% used [0x0000000797b00000,0x0000000797b00000,0x0000000798000000)
  to   space 5120K, 0% used [0x0000000797600000,0x0000000797600000,0x0000000797b00000)
 ParOldGen       total 87552K, used 0K [0x0000000740000000, 0x0000000745580000, 0x0000000795580000)
  object space 87552K, 0% used [0x0000000740000000,0x0000000740000000,0x0000000745580000)
 Metaspace       used 3046K, capacity 4716K, committed 4864K, reserved 1056768K
  class space    used 317K, capacity 424K, committed 512K, reserved 1048576K

Card table byte_map: [0x00000001142c3000,0x00000001146c4000] byte_map_base: 0x00000001108c3000

Marking Bits: (ParMarkBitMap*) 0x0000000103e8d330
 Begin Bits: [0x0000000114d7b000, 0x0000000116d7b000)
 End Bits:   [0x0000000116d7b000, 0x0000000118d7b000)

Polling page: 0x0000000104565000

CodeCache: size=245760Kb used=1225Kb max_used=1225Kb free=244534Kb
 bounds [0x0000000104f03000, 0x0000000105173000, 0x0000000113f03000]
 total_blobs=368 nmethods=68 adapters=223
 compilation: enabled

Compilation events (10 events):
Event: 0.196 Thread 0x00007fd3b5009000   64       3       java.lang.AbstractStringBuilder::<init> (12 bytes)
Event: 0.196 Thread 0x00007fd3b5009000 nmethod 64 0x0000000105033fd0 code [0x0000000105034140, 0x0000000105034390]
Event: 0.196 Thread 0x00007fd3b5009000   65       3       java.lang.Character::toLowerCase (6 bytes)
Event: 0.196 Thread 0x00007fd3b5009000 nmethod 65 0x0000000105034450 code [0x00000001050345e0, 0x0000000105034878]
Event: 0.196 Thread 0x00007fd3b5009000   66       3       java.lang.Character::toLowerCase (9 bytes)
Event: 0.196 Thread 0x00007fd3b5009000 nmethod 66 0x0000000105034990 code [0x0000000105034b00, 0x0000000105034d38]
Event: 0.196 Thread 0x00007fd3b5009000   67       3       java.lang.CharacterDataLatin1::toLowerCase (39 bytes)
Event: 0.197 Thread 0x00007fd3b5009000 nmethod 67 0x0000000105034e10 code [0x0000000105034f80, 0x0000000105035210]
Event: 0.197 Thread 0x00007fd3b5009000   68       1       java.net.URL::getHost (5 bytes)
Event: 0.197 Thread 0x00007fd3b5009000 nmethod 68 0x0000000105035390 code [0x00000001050354e0, 0x00000001050355f0]

GC Heap History (0 events):
No events

Deoptimization events (0 events):
No events

Internal exceptions (10 events):
Event: 0.161 Thread 0x00007fd3b4805800 Exception <a 'java/security/PrivilegedActionException'> (0x000000079585aed8) thrown at [/HUDSON3/workspace/8-2-build-macosx-x86_64/jdk8u20/1074/hotspot/src/share/vm/prims/jvm.cpp, line 1275]
Event: 0.161 Thread 0x00007fd3b4805800 Exception <a 'java/security/PrivilegedActionException'> (0x000000079585b090) thrown at [/HUDSON3/workspace/8-2-build-macosx-x86_64/jdk8u20/1074/hotspot/src/share/vm/prims/jvm.cpp, line 1275]
Event: 0.161 Thread 0x00007fd3b4805800 Exception <a 'java/security/PrivilegedActionException'> (0x000000079585b400) thrown at [/HUDSON3/workspace/8-2-build-macosx-x86_64/jdk8u20/1074/hotspot/src/share/vm/prims/jvm.cpp, line 1275]
Event: 0.166 Thread 0x00007fd3b4805800 Exception <a 'java/security/PrivilegedActionException'> (0x00000007958616e0) thrown at [/HUDSON3/workspace/8-2-build-macosx-x86_64/jdk8u20/1074/hotspot/src/share/vm/prims/jvm.cpp, line 1275]
Event: 0.171 Thread 0x00007fd3b4805800 Exception <a 'java/security/PrivilegedActionException'> (0x000000079588af28) thrown at [/HUDSON3/workspace/8-2-build-macosx-x86_64/jdk8u20/1074/hotspot/src/share/vm/prims/jvm.cpp, line 1275]
Event: 0.173 Thread 0x00007fd3b4805800 Exception <a 'java/security/PrivilegedActionException'> (0x000000079589ce88) thrown at [/HUDSON3/workspace/8-2-build-macosx-x86_64/jdk8u20/1074/hotspot/src/share/vm/prims/jvm.cpp, line 1275]
Event: 0.173 Thread 0x00007fd3b4805800 Exception <a 'java/security/PrivilegedActionException'> (0x00000007958a2948) thrown at [/HUDSON3/workspace/8-2-build-macosx-x86_64/jdk8u20/1074/hotspot/src/share/vm/prims/jvm.cpp, line 1275]
Event: 0.182 Thread 0x00007fd3b4805800 Exception <a 'java/security/PrivilegedActionException'> (0x00000007958a9af0) thrown at [/HUDSON3/workspace/8-2-build-macosx-x86_64/jdk8u20/1074/hotspot/src/share/vm/prims/jvm.cpp, line 1275]
Event: 0.189 Thread 0x00007fd3b4805800 Exception <a 'java/security/PrivilegedActionException'> (0x00000007958ad430) thrown at [/HUDSON3/workspace/8-2-build-macosx-x86_64/jdk8u20/1074/hotspot/src/share/vm/prims/jvm.cpp, line 1275]
Event: 0.190 Thread 0x00007fd3b4805800 Exception <a 'java/security/PrivilegedActionException'> (0x00000007958b3d20) thrown at [/HUDSON3/workspace/8-2-build-macosx-x86_64/jdk8u20/1074/hotspot/src/share/vm/prims/jvm.cpp, line 1275]

Events (10 events):
Event: 6.330 Executing VM operation: GetOrSetLocal
Event: 6.330 Executing VM operation: GetOrSetLocal done
Event: 7.945 Executing VM operation: EnterInterpOnlyMode
Event: 7.945 Executing VM operation: EnterInterpOnlyMode done
Event: 7.945 Executing VM operation: GetCurrentLocation
Event: 7.945 Executing VM operation: GetCurrentLocation done
Event: 7.945 Executing VM operation: ChangeSingleStep
Event: 7.945 Executing VM operation: ChangeSingleStep done
Event: 7.945 Executing VM operation: ChangeSingleStep
Event: 7.945 Executing VM operation: ChangeSingleStep done


Dynamic libraries:
0x000000000d4cc000 	/System/Library/Frameworks/Cocoa.framework/Versions/A/Cocoa
0x000000000d4cc000 	/System/Library/Frameworks/Security.framework/Versions/A/Security
0x000000000d4cc000 	/System/Library/Frameworks/ApplicationServices.framework/Versions/A/ApplicationServices
0x000000000d4cc000 	/usr/lib/libz.1.dylib
0x000000000d4cc000 	/usr/lib/libSystem.B.dylib
0x000000000d4cc000 	/usr/lib/libobjc.A.dylib
0x000000000d4cc000 	/System/Library/Frameworks/CoreFoundation.framework/Versions/A/CoreFoundation
0x000000000d4cc000 	/System/Library/Frameworks/Foundation.framework/Versions/C/Foundation
0x000000000d4cc000 	/System/Library/Frameworks/AppKit.framework/Versions/C/AppKit
0x000000000d4cc000 	/System/Library/Frameworks/CoreData.framework/Versions/A/CoreData
0x000000000d4cc000 	/System/Library/PrivateFrameworks/RemoteViewServices.framework/Versions/A/RemoteViewServices
0x000000000d4cc000 	/System/Library/PrivateFrameworks/UIFoundation.framework/Versions/A/UIFoundation
0x000000000d4cc000 	/System/Library/Frameworks/IOSurface.framework/Versions/A/IOSurface
0x000000000d4cc000 	/System/Library/Frameworks/AudioToolbox.framework/Versions/A/AudioToolbox
0x000000000d4cc000 	/System/Library/Frameworks/AudioUnit.framework/Versions/A/AudioUnit
0x000000000d4cc000 	/System/Library/PrivateFrameworks/DataDetectorsCore.framework/Versions/A/DataDetectorsCore
0x000000000d4cc000 	/System/Library/PrivateFrameworks/DesktopServicesPriv.framework/Versions/A/DesktopServicesPriv
0x000000000d4cc000 	/System/Library/Frameworks/Carbon.framework/Versions/A/Frameworks/HIToolbox.framework/Versions/A/HIToolbox
0x000000000d4cc000 	/System/Library/Frameworks/QuartzCore.framework/Versions/A/QuartzCore
0x000000000d4cc000 	/System/Library/Frameworks/Carbon.framework/Versions/A/Frameworks/SpeechRecognition.framework/Versions/A/SpeechRecognition
0x000000000d4cc000 	/usr/lib/libauto.dylib
0x000000000d4cc000 	/usr/lib/libicucore.A.dylib
0x000000000d4cc000 	/usr/lib/libxml2.2.dylib
0x000000000d4cc000 	/System/Library/PrivateFrameworks/CoreUI.framework/Versions/A/CoreUI
0x000000000d4cc000 	/System/Library/Frameworks/CoreAudio.framework/Versions/A/CoreAudio
0x000000000d4cc000 	/System/Library/Frameworks/DiskArbitration.framework/Versions/A/DiskArbitration
0x000000000d4cc000 	/usr/lib/liblangid.dylib
0x000000000d4cc000 	/System/Library/PrivateFrameworks/MultitouchSupport.framework/Versions/A/MultitouchSupport
0x000000000d4cc000 	/System/Library/Frameworks/IOKit.framework/Versions/A/IOKit
0x000000000d4cc000 	/usr/lib/libDiagnosticMessagesClient.dylib
0x000000000d4cc000 	/System/Library/Frameworks/CoreServices.framework/Versions/A/CoreServices
0x000000000d4cc000 	/System/Library/PrivateFrameworks/PerformanceAnalysis.framework/Versions/A/PerformanceAnalysis
0x000000000d4cc000 	/System/Library/PrivateFrameworks/GenerationalStorage.framework/Versions/A/GenerationalStorage
0x000000000d4cc000 	/System/Library/Frameworks/OpenGL.framework/Versions/A/OpenGL
0x000000000d4cc000 	/System/Library/PrivateFrameworks/Sharing.framework/Versions/A/Sharing
0x000000000d4cc000 	/System/Library/Frameworks/CoreGraphics.framework/Versions/A/CoreGraphics
0x000000000d4cc000 	/System/Library/Frameworks/CoreText.framework/Versions/A/CoreText
0x000000000d4cc000 	/System/Library/Frameworks/ImageIO.framework/Versions/A/ImageIO
0x000000000d4cc000 	/usr/lib/libextension.dylib
0x000000000d4cc000 	/System/Library/PrivateFrameworks/Backup.framework/Versions/A/Backup
0x000000000d4cc000 	/usr/lib/libarchive.2.dylib
0x000000000d4cc000 	/System/Library/Frameworks/CFNetwork.framework/Versions/A/CFNetwork
0x000000000d4cc000 	/System/Library/Frameworks/SystemConfiguration.framework/Versions/A/SystemConfiguration
0x000000000d4cc000 	/usr/lib/libCRFSuite.dylib
0x000000000d4cc000 	/usr/lib/libc++.1.dylib
0x000000000d4cc000 	/usr/lib/libc++abi.dylib
0x000000000d4cc000 	/usr/lib/system/libcache.dylib
0x000000000d4cc000 	/usr/lib/system/libcommonCrypto.dylib
0x000000000d4cc000 	/usr/lib/system/libcompiler_rt.dylib
0x000000000d4cc000 	/usr/lib/system/libcopyfile.dylib
0x000000000d4cc000 	/usr/lib/system/libcorecrypto.dylib
0x000000000d4cc000 	/usr/lib/system/libdispatch.dylib
0x000000000d4cc000 	/usr/lib/system/libdyld.dylib
0x000000000d4cc000 	/usr/lib/system/libkeymgr.dylib
0x000000000d4cc000 	/usr/lib/system/liblaunch.dylib
0x000000000d4cc000 	/usr/lib/system/libmacho.dylib
0x000000000d4cc000 	/usr/lib/system/libquarantine.dylib
0x000000000d4cc000 	/usr/lib/system/libremovefile.dylib
0x000000000d4cc000 	/usr/lib/system/libsystem_asl.dylib
0x000000000d4cc000 	/usr/lib/system/libsystem_blocks.dylib
0x000000000d4cc000 	/usr/lib/system/libsystem_c.dylib
0x000000000d4cc000 	/usr/lib/system/libsystem_configuration.dylib
0x000000000d4cc000 	/usr/lib/system/libsystem_coreservices.dylib
0x000000000d4cc000 	/usr/lib/system/libsystem_coretls.dylib
0x000000000d4cc000 	/usr/lib/system/libsystem_dnssd.dylib
0x000000000d4cc000 	/usr/lib/system/libsystem_info.dylib
0x000000000d4cc000 	/usr/lib/system/libsystem_kernel.dylib
0x000000000d4cc000 	/usr/lib/system/libsystem_m.dylib
0x000000000d4cc000 	/usr/lib/system/libsystem_malloc.dylib
0x000000000d4cc000 	/usr/lib/system/libsystem_network.dylib
0x000000000d4cc000 	/usr/lib/system/libsystem_networkextension.dylib
0x000000000d4cc000 	/usr/lib/system/libsystem_notify.dylib
0x000000000d4cc000 	/usr/lib/system/libsystem_platform.dylib
0x000000000d4cc000 	/usr/lib/system/libsystem_pthread.dylib
0x000000000d4cc000 	/usr/lib/system/libsystem_sandbox.dylib
0x000000000d4cc000 	/usr/lib/system/libsystem_secinit.dylib
0x000000000d4cc000 	/usr/lib/system/libsystem_stats.dylib
0x000000000d4cc000 	/usr/lib/system/libsystem_trace.dylib
0x000000000d4cc000 	/usr/lib/system/libunc.dylib
0x000000000d4cc000 	/usr/lib/system/libunwind.dylib
0x000000000d4cc000 	/usr/lib/system/libxpc.dylib
0x000000000d4cc000 	/usr/lib/libbz2.1.0.dylib
0x000000000d4cc000 	/usr/lib/liblzma.5.dylib
0x000000000d4cc000 	/usr/lib/libbsm.0.dylib
0x000000000d4cc000 	/usr/lib/libsqlite3.dylib
0x000000000d4cc000 	/usr/lib/system/libkxld.dylib
0x000000000d4cc000 	/usr/lib/libxar.1.dylib
0x000000000d4cc000 	/usr/lib/libpam.2.dylib
0x000000000d4cc000 	/usr/lib/libOpenScriptingUtil.dylib
0x000000000d4cc000 	/System/Library/Frameworks/CoreServices.framework/Versions/A/Frameworks/FSEvents.framework/Versions/A/FSEvents
0x000000000d4cc000 	/System/Library/Frameworks/CoreServices.framework/Versions/A/Frameworks/CarbonCore.framework/Versions/A/CarbonCore
0x000000000d4cc000 	/System/Library/Frameworks/CoreServices.framework/Versions/A/Frameworks/Metadata.framework/Versions/A/Metadata
0x000000000d4cc000 	/System/Library/Frameworks/CoreServices.framework/Versions/A/Frameworks/OSServices.framework/Versions/A/OSServices
0x000000000d4cc000 	/System/Library/Frameworks/CoreServices.framework/Versions/A/Frameworks/SearchKit.framework/Versions/A/SearchKit
0x000000000d4cc000 	/System/Library/Frameworks/CoreServices.framework/Versions/A/Frameworks/AE.framework/Versions/A/AE
0x000000000d4cc000 	/System/Library/Frameworks/CoreServices.framework/Versions/A/Frameworks/LaunchServices.framework/Versions/A/LaunchServices
0x000000000d4cc000 	/System/Library/Frameworks/CoreServices.framework/Versions/A/Frameworks/DictionaryServices.framework/Versions/A/DictionaryServices
0x000000000d4cc000 	/System/Library/Frameworks/NetFS.framework/Versions/A/NetFS
0x000000000d4cc000 	/System/Library/PrivateFrameworks/NetAuth.framework/Versions/A/NetAuth
0x000000000d4cc000 	/System/Library/PrivateFrameworks/login.framework/Versions/A/Frameworks/loginsupport.framework/Versions/A/loginsupport
0x000000000d4cc000 	/System/Library/PrivateFrameworks/TCC.framework/Versions/A/TCC
0x000000000d4cc000 	/usr/lib/libmecabra.dylib
0x000000000d4cc000 	/System/Library/Frameworks/ApplicationServices.framework/Versions/A/Frameworks/ATS.framework/Versions/A/ATS
0x000000000d4cc000 	/System/Library/Frameworks/ApplicationServices.framework/Versions/A/Frameworks/ColorSync.framework/Versions/A/ColorSync
0x000000000d4cc000 	/System/Library/Frameworks/ApplicationServices.framework/Versions/A/Frameworks/HIServices.framework/Versions/A/HIServices
0x000000000d4cc000 	/System/Library/Frameworks/ApplicationServices.framework/Versions/A/Frameworks/LangAnalysis.framework/Versions/A/LangAnalysis
0x000000000d4cc000 	/System/Library/Frameworks/ApplicationServices.framework/Versions/A/Frameworks/PrintCore.framework/Versions/A/PrintCore
0x000000000d4cc000 	/System/Library/Frameworks/ApplicationServices.framework/Versions/A/Frameworks/QD.framework/Versions/A/QD
0x000000000d4cc000 	/System/Library/Frameworks/ApplicationServices.framework/Versions/A/Frameworks/SpeechSynthesis.framework/Versions/A/SpeechSynthesis
0x000000000d4cc000 	/System/Library/Frameworks/Accelerate.framework/Versions/A/Accelerate
0x000000000d4cc000 	/System/Library/Frameworks/Accelerate.framework/Versions/A/Frameworks/vImage.framework/Versions/A/vImage
0x000000000d4cc000 	/System/Library/Frameworks/Accelerate.framework/Versions/A/Frameworks/vecLib.framework/Versions/A/vecLib
0x000000000d4cc000 	/System/Library/Frameworks/Accelerate.framework/Versions/A/Frameworks/vecLib.framework/Versions/A/libvDSP.dylib
0x000000000d4cc000 	/System/Library/Frameworks/Accelerate.framework/Versions/A/Frameworks/vecLib.framework/Versions/A/libvMisc.dylib
0x000000000d4cc000 	/System/Library/Frameworks/Accelerate.framework/Versions/A/Frameworks/vecLib.framework/Versions/A/libLAPACK.dylib
0x000000000d4cc000 	/System/Library/Frameworks/Accelerate.framework/Versions/A/Frameworks/vecLib.framework/Versions/A/libBLAS.dylib
0x000000000d4cc000 	/System/Library/Frameworks/Accelerate.framework/Versions/A/Frameworks/vecLib.framework/Versions/A/libLinearAlgebra.dylib
0x000000000d4cc000 	/System/Library/Frameworks/ApplicationServices.framework/Versions/A/Frameworks/ATS.framework/Versions/A/Resources/libFontParser.dylib
0x000000000d4cc000 	/System/Library/Frameworks/ApplicationServices.framework/Versions/A/Frameworks/ATS.framework/Versions/A/Resources/libFontRegistry.dylib
0x000000000d4cc000 	/System/Library/PrivateFrameworks/AppleVPA.framework/Versions/A/AppleVPA
0x000000000d4cc000 	/System/Library/PrivateFrameworks/AppleJPEG.framework/Versions/A/AppleJPEG
0x000000000d4cc000 	/System/Library/Frameworks/ImageIO.framework/Versions/A/Resources/libJPEG.dylib
0x000000000d4cc000 	/System/Library/Frameworks/ImageIO.framework/Versions/A/Resources/libTIFF.dylib
0x000000000d4cc000 	/System/Library/Frameworks/ImageIO.framework/Versions/A/Resources/libPng.dylib
0x000000000d4cc000 	/System/Library/Frameworks/ImageIO.framework/Versions/A/Resources/libGIF.dylib
0x000000000d4cc000 	/System/Library/Frameworks/ImageIO.framework/Versions/A/Resources/libJP2.dylib
0x000000000d4cc000 	/System/Library/Frameworks/ImageIO.framework/Versions/A/Resources/libRadiance.dylib
0x000000000d4cc000 	/System/Library/Frameworks/CoreVideo.framework/Versions/A/CoreVideo
0x000000000d4cc000 	/System/Library/Frameworks/OpenGL.framework/Versions/A/Libraries/libGLU.dylib
0x000000000d4cc000 	/System/Library/Frameworks/OpenGL.framework/Versions/A/Libraries/libGFXShared.dylib
0x000000000d4cc000 	/System/Library/Frameworks/OpenGL.framework/Versions/A/Libraries/libGL.dylib
0x000000000d4cc000 	/System/Library/Frameworks/OpenGL.framework/Versions/A/Libraries/libGLImage.dylib
0x000000000d4cc000 	/System/Library/Frameworks/OpenGL.framework/Versions/A/Libraries/libCVMSPluginSupport.dylib
0x000000000d4cc000 	/System/Library/Frameworks/OpenGL.framework/Versions/A/Libraries/libCoreVMClient.dylib
0x000000000d4cc000 	/usr/lib/libcups.2.dylib
0x000000000d4cc000 	/System/Library/Frameworks/Kerberos.framework/Versions/A/Kerberos
0x000000000d4cc000 	/System/Library/Frameworks/GSS.framework/Versions/A/GSS
0x000000000d4cc000 	/usr/lib/libresolv.9.dylib
0x000000000d4cc000 	/usr/lib/libiconv.2.dylib
0x000000000d4cc000 	/System/Library/PrivateFrameworks/Heimdal.framework/Versions/A/Heimdal
0x000000000d4cc000 	/usr/lib/libheimdal-asn1.dylib
0x000000000d4cc000 	/System/Library/Frameworks/OpenDirectory.framework/Versions/A/OpenDirectory
0x000000000d4cc000 	/System/Library/PrivateFrameworks/CommonAuth.framework/Versions/A/CommonAuth
0x000000000d4cc000 	/System/Library/Frameworks/OpenDirectory.framework/Versions/A/Frameworks/CFOpenDirectory.framework/Versions/A/CFOpenDirectory
0x000000000d4cc000 	/System/Library/Frameworks/SecurityFoundation.framework/Versions/A/SecurityFoundation
0x000000000d4cc000 	/System/Library/PrivateFrameworks/LanguageModeling.framework/Versions/A/LanguageModeling
0x000000000d4cc000 	/usr/lib/libcmph.dylib
0x000000000d4cc000 	/System/Library/Frameworks/ServiceManagement.framework/Versions/A/ServiceManagement
0x000000000d4cc000 	/usr/lib/libxslt.1.dylib
0x000000000d4cc000 	/System/Library/Frameworks/Carbon.framework/Versions/A/Frameworks/Ink.framework/Versions/A/Ink
0x000000000d4cc000 	/System/Library/Frameworks/QuartzCore.framework/Versions/A/Frameworks/CoreImage.framework/Versions/A/CoreImage
0x000000000d4cc000 	/System/Library/PrivateFrameworks/CrashReporterSupport.framework/Versions/A/CrashReporterSupport
0x000000000d4cc000 	/System/Library/Frameworks/OpenCL.framework/Versions/A/OpenCL
0x000000000d4cc000 	/System/Library/PrivateFrameworks/FaceCore.framework/Versions/A/FaceCore
0x000000000d4cc000 	/System/Library/PrivateFrameworks/Ubiquity.framework/Versions/A/Ubiquity
0x000000000d4cc000 	/System/Library/PrivateFrameworks/IconServices.framework/Versions/A/IconServices
0x000000000d4cc000 	/System/Library/PrivateFrameworks/ChunkingLibrary.framework/Versions/A/ChunkingLibrary
0x000000000d4cc000 	/System/Library/PrivateFrameworks/Apple80211.framework/Versions/A/Apple80211
0x000000000d4cc000 	/System/Library/Frameworks/CoreWLAN.framework/Versions/A/CoreWLAN
0x000000000d4cc000 	/System/Library/Frameworks/IOBluetooth.framework/Versions/A/IOBluetooth
0x000000000d4cc000 	/System/Library/PrivateFrameworks/CoreWiFi.framework/Versions/A/CoreWiFi
0x000000000d4cc000 	/System/Library/Frameworks/CoreBluetooth.framework/Versions/A/CoreBluetooth
0x000000000d4cc000 	/System/Library/PrivateFrameworks/DebugSymbols.framework/Versions/A/DebugSymbols
0x000000000d4cc000 	/System/Library/PrivateFrameworks/CoreSymbolication.framework/Versions/A/CoreSymbolication
0x000000000d4cc000 	/System/Library/PrivateFrameworks/Symbolication.framework/Versions/A/Symbolication
0x000000000d4cc000 	/System/Library/PrivateFrameworks/SpeechRecognitionCore.framework/Versions/A/SpeechRecognitionCore
0x00000001035f1000 	/Library/Java/JavaVirtualMachines/jdk1.8.0_20.jdk/Contents/Home/jre/lib/server/libjvm.dylib
0x000000000d4cc000 	/usr/lib/libstdc++.6.dylib
0x0000000104523000 	/Library/Java/JavaVirtualMachines/jdk1.8.0_20.jdk/Contents/Home/jre/lib/libverify.dylib
0x0000000104531000 	/Library/Java/JavaVirtualMachines/jdk1.8.0_20.jdk/Contents/Home/jre/lib/libjava.dylib
0x0000000104566000 	/Library/Java/JavaVirtualMachines/jdk1.8.0_20.jdk/Contents/Home/jre/lib/libjdwp.dylib
0x00000001045b1000 	/Library/Java/JavaVirtualMachines/jdk1.8.0_20.jdk/Contents/Home/jre/lib/libnpt.dylib
0x00000001045be000 	/Library/Java/JavaVirtualMachines/jdk1.8.0_20.jdk/Contents/Home/jre/lib/libzip.dylib
0x000000011af4f000 	/System/Library/Frameworks/JavaVM.framework/Frameworks/JavaRuntimeSupport.framework/JavaRuntimeSupport
0x000000011af67000 	/System/Library/Frameworks/JavaVM.framework/Versions/A/Frameworks/JavaNativeFoundation.framework/Versions/A/JavaNativeFoundation
0x00000001045f0000 	/System/Library/Frameworks/JavaVM.framework/Versions/A/JavaVM
0x000000000d4cc000 	/System/Library/Frameworks/Carbon.framework/Versions/A/Carbon
0x000000011af7c000 	/System/Library/PrivateFrameworks/JavaLaunching.framework/Versions/A/JavaLaunching
0x000000000d4cc000 	/System/Library/Frameworks/Carbon.framework/Versions/A/Frameworks/CommonPanels.framework/Versions/A/CommonPanels
0x000000000d4cc000 	/System/Library/Frameworks/Carbon.framework/Versions/A/Frameworks/Help.framework/Versions/A/Help
0x000000000d4cc000 	/System/Library/Frameworks/Carbon.framework/Versions/A/Frameworks/ImageCapture.framework/Versions/A/ImageCapture
0x000000000d4cc000 	/System/Library/Frameworks/Carbon.framework/Versions/A/Frameworks/OpenScripting.framework/Versions/A/OpenScripting
0x000000000d4cc000 	/System/Library/Frameworks/Carbon.framework/Versions/A/Frameworks/Print.framework/Versions/A/Print
0x000000000d4cc000 	/System/Library/Frameworks/Carbon.framework/Versions/A/Frameworks/SecurityHI.framework/Versions/A/SecurityHI
0x000000011c8e2000 	/Library/Java/JavaVirtualMachines/jdk1.8.0_20.jdk/Contents/Home/jre/lib/libdt_socket.dylib
0x000000011d140000 	/Users/jessyli/opencv-3.0.0-rc1/build/lib/libopencv_java300.dylib
0x000000000d4cc000 	/System/Library/Frameworks/QTKit.framework/Versions/A/QTKit
0x000000000d4cc000 	/System/Library/Frameworks/AVFoundation.framework/Versions/A/AVFoundation
0x000000000d4cc000 	/System/Library/Frameworks/CoreMedia.framework/Versions/A/CoreMedia
0x000000000d4cc000 	/System/Library/Frameworks/MediaToolbox.framework/Versions/A/MediaToolbox
0x000000000d4cc000 	/System/Library/Frameworks/VideoToolbox.framework/Versions/A/VideoToolbox
0x000000000d4cc000 	/System/Library/PrivateFrameworks/CoreMediaAuthoring.framework/Versions/A/CoreMediaAuthoring
0x000000000d4cc000 	/System/Library/Frameworks/CoreMediaIO.framework/Versions/A/CoreMediaIO
0x000000000d4cc000 	/System/Library/Frameworks/AVFoundation.framework/Versions/A/Resources/libAVFAudio.dylib
0x000000000d4cc000 	/System/Library/PrivateFrameworks/MediaControlSender.framework/Versions/A/MediaControlSender
0x000000000d4cc000 	/System/Library/PrivateFrameworks/CoreAVCHD.framework/Versions/A/CoreAVCHD
0x000000000d4cc000 	/System/Library/Frameworks/MediaAccessibility.framework/Versions/A/MediaAccessibility
0x000000000d4cc000 	/System/Library/PrivateFrameworks/Mangrove.framework/Versions/A/Mangrove
0x000000000d4cc000 	/System/Library/PrivateFrameworks/CoreAUC.framework/Versions/A/CoreAUC
0x000000000d4cc000 	/System/Library/PrivateFrameworks/NetworkStatistics.framework/Versions/A/NetworkStatistics
0x000000000d4cc000 	/System/Library/PrivateFrameworks/AppleSRP.framework/Versions/A/AppleSRP
0x000000000d4cc000 	/System/Library/PrivateFrameworks/AirPlaySupport.framework/Versions/A/AirPlaySupport
0x000000000d4cc000 	/System/Library/PrivateFrameworks/CoreUtils.framework/Versions/A/CoreUtils
0x000000000d4cc000 	/System/Library/PrivateFrameworks/AppleVA.framework/Versions/A/AppleVA
0x000000000d4cc000 	/System/Library/PrivateFrameworks/XPCService.framework/Versions/A/XPCService
0x000000000d4cc000 	/System/Library/PrivateFrameworks/AppSandbox.framework/Versions/A/AppSandbox
0x000000000d4cc000 	/usr/lib/libsandbox.1.dylib
0x000000000d4cc000 	/System/Library/PrivateFrameworks/AppContainer.framework/Versions/A/AppContainer
0x000000000d4cc000 	/System/Library/PrivateFrameworks/SecCodeWrapper.framework/Versions/A/SecCodeWrapper
0x000000000d4cc000 	/usr/lib/libMatch.1.dylib
0x000000000d4cc000 	/System/Library/Frameworks/OpenCL.framework/Versions/A/Libraries/libcldcpuengine.dylib
0x000000000d4cc000 	/System/Library/PrivateFrameworks/DiskImages.framework/Versions/A/DiskImages
0x000000000d4cc000 	/System/Library/Frameworks/DiscRecording.framework/Versions/A/DiscRecording
0x000000000d4cc000 	/usr/lib/libcsfde.dylib
0x000000000d4cc000 	/usr/lib/libcurl.4.dylib
0x000000000d4cc000 	/System/Library/PrivateFrameworks/MediaKit.framework/Versions/A/MediaKit
0x000000000d4cc000 	/System/Library/PrivateFrameworks/ProtectedCloudStorage.framework/Versions/A/ProtectedCloudStorage
0x000000000d4cc000 	/usr/lib/libCoreStorage.dylib
0x000000000d4cc000 	/System/Library/PrivateFrameworks/EFILogin.framework/Versions/A/EFILogin
0x000000000d4cc000 	/usr/lib/libutil.dylib
0x000000000d4cc000 	/System/Library/PrivateFrameworks/FindMyDevice.framework/Versions/A/FindMyDevice
0x000000000d4cc000 	/System/Library/Frameworks/LDAP.framework/Versions/A/LDAP
0x000000000d4cc000 	/usr/lib/libsasl2.2.dylib
0x000000000d4cc000 	/System/Library/PrivateFrameworks/CoreDaemon.framework/Versions/B/CoreDaemon
0x000000000d4cc000 	/usr/lib/libcrypto.0.9.8.dylib
0x000000000d4cc000 	/System/Library/PrivateFrameworks/TrustEvaluationAgent.framework/Versions/A/TrustEvaluationAgent
0x0000000000000000 	/System/Library/Extensions/AppleIntelHD5000GraphicsGLDriver.bundle/Contents/MacOS/AppleIntelHD5000GraphicsGLDriver
0x000000000d4cc000 	/System/Library/PrivateFrameworks/IOAccelerator.framework/Versions/A/IOAccelerator
0x000000000d4cc000 	/System/Library/Frameworks/OpenGL.framework/Versions/A/Libraries/libGLProgrammability.dylib
0x000000000d4cc000 	/System/Library/PrivateFrameworks/GPUSupport.framework/Versions/A/Libraries/libGPUSupportMercury.dylib
0x000000000d4cc000 	/System/Library/Frameworks/OpenGL.framework/Versions/A/Resources/GLRendererFloat.bundle/GLRendererFloat

VM Arguments:
jvm_args: -agentlib:jdwp=transport=dt_socket,suspend=y,address=localhost:60554 -Djava.library.path=/Users/jessyli/opencv-3.0.0-rc1/build/lib -Dfile.encoding=UTF-8 
java_command: openCV.HelloOpenCV
java_class_path (initial): /Users/jessyli/Documents/workspace/openCV/bin:/Users/jessyli/opencv-3.0.0-rc1/build/bin/opencv-300.jar
Launcher Type: SUN_STANDARD

Environment Variables:
PATH=/usr/bin:/bin:/usr/sbin:/sbin
SHELL=/bin/bash
DISPLAY=/private/tmp/com.apple.launchd.WlMJAWSpHl/org.macosforge.xquartz:0

Signal Handlers:
SIGSEGV: [libjvm.dylib+0x578fd7], sa_mask[0]=11111111011111110111111111111111, sa_flags=SA_ONSTACK|SA_RESTART|SA_SIGINFO
SIGBUS: [libjvm.dylib+0x578fd7], sa_mask[0]=11111111011111110111111111111111, sa_flags=SA_RESTART|SA_SIGINFO
SIGFPE: [libjvm.dylib+0x45ab0c], sa_mask[0]=11111111011111110111111111111111, sa_flags=SA_RESTART|SA_SIGINFO
SIGPIPE: [libjvm.dylib+0x45ab0c], sa_mask[0]=11111111011111110111111111111111, sa_flags=SA_RESTART|SA_SIGINFO
SIGXFSZ: [libjvm.dylib+0x45ab0c], sa_mask[0]=11111111011111110111111111111111, sa_flags=SA_RESTART|SA_SIGINFO
SIGILL: [libjvm.dylib+0x45ab0c], sa_mask[0]=11111111011111110111111111111111, sa_flags=SA_RESTART|SA_SIGINFO
SIGUSR1: SIG_DFL, sa_mask[0]=00000000000000000000000000000000, sa_flags=none
SIGUSR2: [libjvm.dylib+0x45a62a], sa_mask[0]=00100000000000000000000000000000, sa_flags=SA_RESTART|SA_SIGINFO
SIGHUP: [libjvm.dylib+0x458bfd], sa_mask[0]=11111111011111110111111111111111, sa_flags=SA_RESTART|SA_SIGINFO
SIGINT: [libjvm.dylib+0x458bfd], sa_mask[0]=11111111011111110111111111111111, sa_flags=SA_RESTART|SA_SIGINFO
SIGTERM: [libjvm.dylib+0x458bfd], sa_mask[0]=11111111011111110111111111111111, sa_flags=SA_RESTART|SA_SIGINFO
SIGQUIT: [libjvm.dylib+0x458bfd], sa_mask[0]=11111111011111110111111111111111, sa_flags=SA_RESTART|SA_SIGINFO


---------------  S Y S T E M  ---------------

OS:Bsduname:Darwin 14.3.0 Darwin Kernel Version 14.3.0: Mon Mar 23 11:59:05 PDT 2015; root:xnu-2782.20.48~5/RELEASE_X86_64 x86_64
rlimit: STACK 8192k, CORE 0k, NPROC 709, NOFILE 10240, AS infinity
load average:1.95 1.82 1.93

CPU:total 4 (2 cores per cpu, 2 threads per core) family 6 model 69 stepping 1, cmov, cx8, fxsr, mmx, sse, sse2, sse3, ssse3, sse4.1, sse4.2, popcnt, avx, avx2, aes, clmul, erms, lzcnt, ht, tsc, tscinvbit, bmi1, bmi2

Memory: 4k page, physical 8388608k(144000k free)

/proc/meminfo:


vm_info: Java HotSpot(TM) 64-Bit Server VM (25.20-b23) for bsd-amd64 JRE (1.8.0_20-b26), built on Jul 30 2014 13:37:47 by "java_re" with gcc 4.2.1 (Based on Apple Inc. build 5658) (LLVM build 2336.9.00)

time: Tue May 19 15:45:43 2015
elapsed time: 7 seconds (0d 0h 0m 7s)

